113100
completed to load library. [2025-06-30 17:35:23.189362]
PYTHONPATH         : /home/jovyan/work/LSTM_Analyze
Working Path       : /home/jovyan/work/LSTM_Analyze
n_estimators       : 10
data_lengths       : 40
random_state_gap   : 1
random_state_begin : 113100
random_state_end   : 113200
last_rounds_begin  : 1177
last_rounds_end    : 770
db_path            : /db/metrics.db
is_tuning          : 1
Best parameters: {'max_depth': 10, 'max_features': 'sqrt', 'min_samples_leaf': 4, 'min_samples_split': 2, 'n_estimators': 10, 'random_state': 113148}
Best score: -0.407778791243736
All results:  <class 'dict'>
113200
completed to load library. [2025-06-30 17:35:41.710038]
PYTHONPATH         : /home/jovyan/work/LSTM_Analyze
Working Path       : /home/jovyan/work/LSTM_Analyze
n_estimators       : 10
data_lengths       : 40
random_state_gap   : 1
random_state_begin : 113200
random_state_end   : 113300
last_rounds_begin  : 1177
last_rounds_end    : 770
db_path            : /db/metrics.db
is_tuning          : 1
Best parameters: {'max_depth': 10, 'max_features': 'sqrt', 'min_samples_leaf': 1, 'min_samples_split': 10, 'n_estimators': 10, 'random_state': 113289}
Best score: -0.4710109307779445
All results:  <class 'dict'>
113300
completed to load library. [2025-06-30 17:35:59.942315]
PYTHONPATH         : /home/jovyan/work/LSTM_Analyze
Working Path       : /home/jovyan/work/LSTM_Analyze
n_estimators       : 10
data_lengths       : 40
random_state_gap   : 1
random_state_begin : 113300
random_state_end   : 113400
last_rounds_begin  : 1177
last_rounds_end    : 770
db_path            : /db/metrics.db
is_tuning          : 1
Best parameters: {'max_depth': 10, 'max_features': 'sqrt', 'min_samples_leaf': 4, 'min_samples_split': 10, 'n_estimators': 10, 'random_state': 113321}
Best score: -0.4846822817351839
All results:  <class 'dict'>
113400
completed to load library. [2025-06-30 17:36:18.220761]
PYTHONPATH         : /home/jovyan/work/LSTM_Analyze
Working Path       : /home/jovyan/work/LSTM_Analyze
n_estimators       : 10
data_lengths       : 40
random_state_gap   : 1
random_state_begin : 113400
random_state_end   : 113500
last_rounds_begin  : 1177
last_rounds_end    : 770
db_path            : /db/metrics.db
is_tuning          : 1
Best parameters: {'max_depth': 10, 'max_features': 'sqrt', 'min_samples_leaf': 2, 'min_samples_split': 2, 'n_estimators': 10, 'random_state': 113465}
Best score: -0.4010148916807782
All results:  <class 'dict'>
113500
completed to load library. [2025-06-30 17:36:36.987180]
PYTHONPATH         : /home/jovyan/work/LSTM_Analyze
Working Path       : /home/jovyan/work/LSTM_Analyze
n_estimators       : 10
data_lengths       : 40
random_state_gap   : 1
random_state_begin : 113500
random_state_end   : 113600
last_rounds_begin  : 1177
last_rounds_end    : 770
db_path            : /db/metrics.db
is_tuning          : 1
Best parameters: {'max_depth': 10, 'max_features': 'sqrt', 'min_samples_leaf': 2, 'min_samples_split': 10, 'n_estimators': 10, 'random_state': 113511}
Best score: -0.45502995342929237
All results:  <class 'dict'>
113600
completed to load library. [2025-06-30 17:36:55.940959]
PYTHONPATH         : /home/jovyan/work/LSTM_Analyze
Working Path       : /home/jovyan/work/LSTM_Analyze
n_estimators       : 10
data_lengths       : 40
random_state_gap   : 1
random_state_begin : 113600
random_state_end   : 113700
last_rounds_begin  : 1177
last_rounds_end    : 770
db_path            : /db/metrics.db
is_tuning          : 1
Best parameters: {'max_depth': 10, 'max_features': 'sqrt', 'min_samples_leaf': 1, 'min_samples_split': 10, 'n_estimators': 10, 'random_state': 113645}
Best score: -0.4553409248016506
All results:  <class 'dict'>
113700
completed to load library. [2025-06-30 17:37:14.382376]
PYTHONPATH         : /home/jovyan/work/LSTM_Analyze
Working Path       : /home/jovyan/work/LSTM_Analyze
n_estimators       : 10
data_lengths       : 40
random_state_gap   : 1
random_state_begin : 113700
random_state_end   : 113800
last_rounds_begin  : 1177
last_rounds_end    : 770
db_path            : /db/metrics.db
is_tuning          : 1
Best parameters: {'max_depth': 10, 'max_features': 'sqrt', 'min_samples_leaf': 1, 'min_samples_split': 10, 'n_estimators': 10, 'random_state': 113716}
Best score: -0.4477338051441306
All results:  <class 'dict'>
113800
completed to load library. [2025-06-30 17:37:33.069882]
PYTHONPATH         : /home/jovyan/work/LSTM_Analyze
Working Path       : /home/jovyan/work/LSTM_Analyze
n_estimators       : 10
data_lengths       : 40
random_state_gap   : 1
random_state_begin : 113800
random_state_end   : 113900
last_rounds_begin  : 1177
last_rounds_end    : 770
db_path            : /db/metrics.db
is_tuning          : 1
Best parameters: {'max_depth': 10, 'max_features': 'sqrt', 'min_samples_leaf': 1, 'min_samples_split': 10, 'n_estimators': 10, 'random_state': 113889}
Best score: -0.4435975047601454
All results:  <class 'dict'>
113900
completed to load library. [2025-06-30 17:37:51.505103]
PYTHONPATH         : /home/jovyan/work/LSTM_Analyze
Working Path       : /home/jovyan/work/LSTM_Analyze
n_estimators       : 10
data_lengths       : 40
random_state_gap   : 1
random_state_begin : 113900
random_state_end   : 114000
last_rounds_begin  : 1177
last_rounds_end    : 770
db_path            : /db/metrics.db
is_tuning          : 1
Best parameters: {'max_depth': 10, 'max_features': 'sqrt', 'min_samples_leaf': 4, 'min_samples_split': 2, 'n_estimators': 10, 'random_state': 113914}
Best score: -0.4470286016480266
All results:  <class 'dict'>
114000
completed to load library. [2025-06-30 17:38:10.186970]
PYTHONPATH         : /home/jovyan/work/LSTM_Analyze
Working Path       : /home/jovyan/work/LSTM_Analyze
n_estimators       : 10
data_lengths       : 40
random_state_gap   : 1
random_state_begin : 114000
random_state_end   : 114100
last_rounds_begin  : 1177
last_rounds_end    : 770
db_path            : /db/metrics.db
is_tuning          : 1
Best parameters: {'max_depth': 10, 'max_features': 'sqrt', 'min_samples_leaf': 2, 'min_samples_split': 10, 'n_estimators': 10, 'random_state': 114080}
Best score: -0.48345305186637455
All results:  <class 'dict'>
114100
completed to load library. [2025-06-30 17:38:29.029036]
PYTHONPATH         : /home/jovyan/work/LSTM_Analyze
Working Path       : /home/jovyan/work/LSTM_Analyze
n_estimators       : 10
data_lengths       : 40
random_state_gap   : 1
random_state_begin : 114100
random_state_end   : 114200
last_rounds_begin  : 1177
last_rounds_end    : 770
db_path            : /db/metrics.db
is_tuning          : 1
Best parameters: {'max_depth': 10, 'max_features': 'sqrt', 'min_samples_leaf': 4, 'min_samples_split': 10, 'n_estimators': 10, 'random_state': 114190}
Best score: -0.5069985628899086
All results:  <class 'dict'>
114200
completed to load library. [2025-06-30 17:38:48.050621]
PYTHONPATH         : /home/jovyan/work/LSTM_Analyze
Working Path       : /home/jovyan/work/LSTM_Analyze
n_estimators       : 10
data_lengths       : 40
random_state_gap   : 1
random_state_begin : 114200
random_state_end   : 114300
last_rounds_begin  : 1177
last_rounds_end    : 770
db_path            : /db/metrics.db
is_tuning          : 1
Best parameters: {'max_depth': 10, 'max_features': 'sqrt', 'min_samples_leaf': 2, 'min_samples_split': 10, 'n_estimators': 10, 'random_state': 114210}
Best score: -0.489999445583617
All results:  <class 'dict'>
31116650
completed to load library. [2025-06-30 17:39:07.060867]
PYTHONPATH         : /home/jovyan/work/LSTM_Analyze
Working Path       : /home/jovyan/work/LSTM_Analyze
n_estimators       : 10
data_lengths       : 40
random_state_gap   : 1
random_state_begin : 31116650
random_state_end   : 31116750
last_rounds_begin  : 1177
last_rounds_end    : 770
db_path            : /db/metrics.db
is_tuning          : 1
Best parameters: {'max_depth': 10, 'max_features': 'sqrt', 'min_samples_leaf': 1, 'min_samples_split': 10, 'n_estimators': 10, 'random_state': 31116663}
Best score: -0.5175749874203894
All results:  <class 'dict'>
31116750
completed to load library. [2025-06-30 17:39:25.973703]
PYTHONPATH         : /home/jovyan/work/LSTM_Analyze
Working Path       : /home/jovyan/work/LSTM_Analyze
n_estimators       : 10
data_lengths       : 40
random_state_gap   : 1
random_state_begin : 31116750
random_state_end   : 31116850
last_rounds_begin  : 1177
last_rounds_end    : 770
db_path            : /db/metrics.db
is_tuning          : 1
Best parameters: {'max_depth': 10, 'max_features': 'sqrt', 'min_samples_leaf': 4, 'min_samples_split': 10, 'n_estimators': 10, 'random_state': 31116829}
Best score: -0.46422080487179523
All results:  <class 'dict'>
1750505700
completed to load library. [2025-06-30 17:39:44.639119]
PYTHONPATH         : /home/jovyan/work/LSTM_Analyze
Working Path       : /home/jovyan/work/LSTM_Analyze
n_estimators       : 10
data_lengths       : 40
random_state_gap   : 1
random_state_begin : 1750505700
random_state_end   : 1750505800
last_rounds_begin  : 1177
last_rounds_end    : 770
db_path            : /db/metrics.db
is_tuning          : 1
Best parameters: {'max_depth': 10, 'max_features': 'sqrt', 'min_samples_leaf': 4, 'min_samples_split': 10, 'n_estimators': 10, 'random_state': 1750505779}
Best score: -0.5593162504078588
All results:  <class 'dict'>
